# JRE version: Java(TM) SE Runtime Environment (8.0_251-b08) (build 1.8.0_251-b08)
# Java VM: Java HotSpot(TM) 64-Bit Server VM (25.251-b08 mixed mode windows-amd64 compressed oops)
Heap:
 PSYoungGen      total 147456K, used 70552K [0x00000000f5580000, 0x0000000100000000, 0x0000000100000000)
  eden space 130560K, 41% used [0x00000000f5580000,0x00000000f89ec060,0x00000000fd500000)
  from space 16896K, 99% used [0x00000000fef80000,0x00000000ffffa118,0x0000000100000000)
  to   space 22016K, 0% used [0x00000000fd500000,0x00000000fd500000,0x00000000fea80000)
 ParOldGen       total 175104K, used 23366K [0x00000000e0000000, 0x00000000eab00000, 0x00000000f5580000)
  object space 175104K, 13% used [0x00000000e0000000,0x00000000e16d1be8,0x00000000eab00000)
 Metaspace       used 47201K, capacity 48946K, committed 49280K, reserved 1091584K
  class space    used 6540K, capacity 6937K, committed 7040K, reserved 1048576K
GC Heap History (10 events):
Event: 3.206 GC heap before
{Heap before GC invocations=6 (full 1):
 PSYoungGen      total 141824K, used 131072K [0x00000000f5580000, 0x00000000fea80000, 0x0000000100000000)
  eden space 131072K, 100% used [0x00000000f5580000,0x00000000fd580000,0x00000000fd580000)
  from space 10752K, 0% used [0x00000000fe000000,0x00000000fe000000,0x00000000fea80000)
  to   space 10752K, 0% used [0x00000000fd580000,0x00000000fd580000,0x00000000fe000000)
 ParOldGen       total 175104K, used 6735K [0x00000000e0000000, 0x00000000eab00000, 0x00000000f5580000)
  object space 175104K, 3% used [0x00000000e0000000,0x00000000e0693ec0,0x00000000eab00000)
 Metaspace       used 32747K, capacity 33570K, committed 33792K, reserved 1079296K
  class space    used 4602K, capacity 4817K, committed 4864K, reserved 1048576K
Event: 3.219 GC heap after
Heap after GC invocations=6 (full 1):
 PSYoungGen      total 141824K, used 10747K [0x00000000f5580000, 0x0000000100000000, 0x0000000100000000)
  eden space 131072K, 0% used [0x00000000f5580000,0x00000000f5580000,0x00000000fd580000)
  from space 10752K, 99% used [0x00000000fd580000,0x00000000fdffed68,0x00000000fe000000)
  to   space 16384K, 0% used [0x00000000ff000000,0x00000000ff000000,0x0000000100000000)
 ParOldGen       total 175104K, used 10514K [0x00000000e0000000, 0x00000000eab00000, 0x00000000f5580000)
  object space 175104K, 6% used [0x00000000e0000000,0x00000000e0a44880,0x00000000eab00000)
 Metaspace       used 32747K, capacity 33570K, committed 33792K, reserved 1079296K
  class space    used 4602K, capacity 4817K, committed 4864K, reserved 1048576K
}
Event: 3.555 GC heap before
{Heap before GC invocations=7 (full 1):
 PSYoungGen      total 141824K, used 55307K [0x00000000f5580000, 0x0000000100000000, 0x0000000100000000)
  eden space 131072K, 33% used [0x00000000f5580000,0x00000000f8103f58,0x00000000fd580000)
  from space 10752K, 99% used [0x00000000fd580000,0x00000000fdffed68,0x00000000fe000000)
  to   space 16384K, 0% used [0x00000000ff000000,0x00000000ff000000,0x0000000100000000)
 ParOldGen       total 175104K, used 10514K [0x00000000e0000000, 0x00000000eab00000, 0x00000000f5580000)
  object space 175104K, 6% used [0x00000000e0000000,0x00000000e0a44880,0x00000000eab00000)
 Metaspace       used 34569K, capacity 35420K, committed 35496K, reserved 1079296K
  class space    used 4929K, capacity 5200K, committed 5248K, reserved 1048576K
Event: 3.565 GC heap after
Heap after GC invocations=7 (full 1):
 PSYoungGen      total 158720K, used 10090K [0x00000000f5580000, 0x0000000100000000, 0x0000000100000000)
  eden space 142336K, 0% used [0x00000000f5580000,0x00000000f5580000,0x00000000fe080000)
  from space 16384K, 61% used [0x00000000ff000000,0x00000000ff9da808,0x0000000100000000)
  to   space 15872K, 0% used [0x00000000fe080000,0x00000000fe080000,0x00000000ff000000)
 ParOldGen       total 175104K, used 10522K [0x00000000e0000000, 0x00000000eab00000, 0x00000000f5580000)
  object space 175104K, 6% used [0x00000000e0000000,0x00000000e0a46880,0x00000000eab00000)
 Metaspace       used 34569K, capacity 35420K, committed 35496K, reserved 1079296K
  class space    used 4929K, capacity 5200K, committed 5248K, reserved 1048576K
}
Event: 3.565 GC heap before
{Heap before GC invocations=8 (full 2):
 PSYoungGen      total 158720K, used 10090K [0x00000000f5580000, 0x0000000100000000, 0x0000000100000000)
  eden space 142336K, 0% used [0x00000000f5580000,0x00000000f5580000,0x00000000fe080000)
  from space 16384K, 61% used [0x00000000ff000000,0x00000000ff9da808,0x0000000100000000)
  to   space 15872K, 0% used [0x00000000fe080000,0x00000000fe080000,0x00000000ff000000)
 ParOldGen       total 175104K, used 10522K [0x00000000e0000000, 0x00000000eab00000, 0x00000000f5580000)
  object space 175104K, 6% used [0x00000000e0000000,0x00000000e0a46880,0x00000000eab00000)
 Metaspace       used 34569K, capacity 35420K, committed 35496K, reserved 1079296K
  class space    used 4929K, capacity 5200K, committed 5248K, reserved 1048576K
Event: 3.606 GC heap after
Heap after GC invocations=8 (full 2):
 PSYoungGen      total 158720K, used 0K [0x00000000f5580000, 0x0000000100000000, 0x0000000100000000)
  eden space 142336K, 0% used [0x00000000f5580000,0x00000000f5580000,0x00000000fe080000)
  from space 16384K, 0% used [0x00000000ff000000,0x00000000ff000000,0x0000000100000000)
  to   space 15872K, 0% used [0x00000000fe080000,0x00000000fe080000,0x00000000ff000000)
 ParOldGen       total 175104K, used 16459K [0x00000000e0000000, 0x00000000eab00000, 0x00000000f5580000)
  object space 175104K, 9% used [0x00000000e0000000,0x00000000e1012e38,0x00000000eab00000)
 Metaspace       used 34569K, capacity 35420K, committed 35496K, reserved 1079296K
  class space    used 4929K, capacity 5200K, committed 5248K, reserved 1048576K
}
Event: 18.246 GC heap before
{Heap before GC invocations=9 (full 2):
 PSYoungGen      total 158720K, used 142336K [0x00000000f5580000, 0x0000000100000000, 0x0000000100000000)
  eden space 142336K, 100% used [0x00000000f5580000,0x00000000fe080000,0x00000000fe080000)
  from space 16384K, 0% used [0x00000000ff000000,0x00000000ff000000,0x0000000100000000)
  to   space 15872K, 0% used [0x00000000fe080000,0x00000000fe080000,0x00000000ff000000)
 ParOldGen       total 175104K, used 16459K [0x00000000e0000000, 0x00000000eab00000, 0x00000000f5580000)
  object space 175104K, 9% used [0x00000000e0000000,0x00000000e1012e38,0x00000000eab00000)
 Metaspace       used 45782K, capacity 47296K, committed 47360K, reserved 1089536K
  class space    used 6504K, capacity 6850K, committed 6912K, reserved 1048576K
Event: 18.259 GC heap after
Heap after GC invocations=9 (full 2):
 PSYoungGen      total 156672K, used 14039K [0x00000000f5580000, 0x0000000100000000, 0x0000000100000000)
  eden space 142336K, 0% used [0x00000000f5580000,0x00000000f5580000,0x00000000fe080000)
  from space 14336K, 97% used [0x00000000fe080000,0x00000000fee35fb0,0x00000000fee80000)
  to   space 16896K, 0% used [0x00000000fef80000,0x00000000fef80000,0x0000000100000000)
 ParOldGen       total 175104K, used 16467K [0x00000000e0000000, 0x00000000eab00000, 0x00000000f5580000)
  object space 175104K, 9% used [0x00000000e0000000,0x00000000e1014e38,0x00000000eab00000)
 Metaspace       used 45782K, capacity 47296K, committed 47360K, reserved 1089536K
  class space    used 6504K, capacity 6850K, committed 6912K, reserved 1048576K
}
Event: 525.172 GC heap before
{Heap before GC invocations=10 (full 2):
 PSYoungGen      total 156672K, used 156375K [0x00000000f5580000, 0x0000000100000000, 0x0000000100000000)
  eden space 142336K, 100% used [0x00000000f5580000,0x00000000fe080000,0x00000000fe080000)
  from space 14336K, 97% used [0x00000000fe080000,0x00000000fee35fb0,0x00000000fee80000)
  to   space 16896K, 0% used [0x00000000fef80000,0x00000000fef80000,0x0000000100000000)
 ParOldGen       total 175104K, used 16467K [0x00000000e0000000, 0x00000000eab00000, 0x00000000f5580000)
  object space 175104K, 9% used [0x00000000e0000000,0x00000000e1014e38,0x00000000eab00000)
 Metaspace       used 46918K, capacity 48656K, committed 48768K, reserved 1091584K
  class space    used 6538K, capacity 6932K, committed 7040K, reserved 1048576K
Event: 525.204 GC heap after
Heap after GC invocations=10 (full 2):
 PSYoungGen      total 147456K, used 16872K [0x00000000f5580000, 0x0000000100000000, 0x0000000100000000)
  eden space 130560K, 0% used [0x00000000f5580000,0x00000000f5580000,0x00000000fd500000)
  from space 16896K, 99% used [0x00000000fef80000,0x00000000ffffa118,0x0000000100000000)
  to   space 22016K, 0% used [0x00000000fd500000,0x00000000fd500000,0x00000000fea80000)
 ParOldGen       total 175104K, used 23366K [0x00000000e0000000, 0x00000000eab00000, 0x00000000f5580000)
  object space 175104K, 13% used [0x00000000e0000000,0x00000000e16d1be8,0x00000000eab00000)
 Metaspace       used 46918K, capacity 48656K, committed 48768K, reserved 1091584K
  class space    used 6538K, capacity 6932K, committed 7040K, reserved 1048576K
}

