# JRE version: Java(TM) SE Runtime Environment (8.0_251-b08) (build 1.8.0_251-b08)
# Java VM: Java HotSpot(TM) 64-Bit Server VM (25.251-b08 mixed mode windows-amd64 compressed oops)
Heap:
 PSYoungGen      total 161792K, used 152100K [0x00000000f5580000, 0x0000000100000000, 0x0000000100000000)
  eden space 148992K, 95% used [0x00000000f5580000,0x00000000fe0e4550,0x00000000fe700000)
  from space 12800K, 73% used [0x00000000ff380000,0x00000000ffca4b10,0x0000000100000000)
  to   space 12800K, 0% used [0x00000000fe700000,0x00000000fe700000,0x00000000ff380000)
 ParOldGen       total 175104K, used 16277K [0x00000000e0000000, 0x00000000eab00000, 0x00000000f5580000)
  object space 175104K, 9% used [0x00000000e0000000,0x00000000e0fe56c8,0x00000000eab00000)
 Metaspace       used 47510K, capacity 49340K, committed 49536K, reserved 1091584K
  class space    used 6607K, capacity 6988K, committed 7040K, reserved 1048576K
GC Heap History (10 events):
Event: 4.387 GC heap before
{Heap before GC invocations=6 (full 1):
 PSYoungGen      total 76288K, used 65536K [0x00000000f5580000, 0x00000000fea80000, 0x0000000100000000)
  eden space 65536K, 100% used [0x00000000f5580000,0x00000000f9580000,0x00000000f9580000)
  from space 10752K, 0% used [0x00000000fa000000,0x00000000fa000000,0x00000000faa80000)
  to   space 10752K, 0% used [0x00000000f9580000,0x00000000f9580000,0x00000000fa000000)
 ParOldGen       total 175104K, used 6709K [0x00000000e0000000, 0x00000000eab00000, 0x00000000f5580000)
  object space 175104K, 3% used [0x00000000e0000000,0x00000000e068d5d0,0x00000000eab00000)
 Metaspace       used 28991K, capacity 29562K, committed 29824K, reserved 1075200K
  class space    used 3980K, capacity 4169K, committed 4224K, reserved 1048576K
Event: 4.396 GC heap after
Heap after GC invocations=6 (full 1):
 PSYoungGen      total 76288K, used 8511K [0x00000000f5580000, 0x00000000fe100000, 0x0000000100000000)
  eden space 65536K, 0% used [0x00000000f5580000,0x00000000f5580000,0x00000000f9580000)
  from space 10752K, 79% used [0x00000000f9580000,0x00000000f9dcfc20,0x00000000fa000000)
  to   space 12288K, 0% used [0x00000000fd500000,0x00000000fd500000,0x00000000fe100000)
 ParOldGen       total 175104K, used 6717K [0x00000000e0000000, 0x00000000eab00000, 0x00000000f5580000)
  object space 175104K, 3% used [0x00000000e0000000,0x00000000e068f5d0,0x00000000eab00000)
 Metaspace       used 28991K, capacity 29562K, committed 29824K, reserved 1075200K
  class space    used 3980K, capacity 4169K, committed 4224K, reserved 1048576K
}
Event: 5.213 GC heap before
{Heap before GC invocations=7 (full 1):
 PSYoungGen      total 76288K, used 74047K [0x00000000f5580000, 0x00000000fe100000, 0x0000000100000000)
  eden space 65536K, 100% used [0x00000000f5580000,0x00000000f9580000,0x00000000f9580000)
  from space 10752K, 79% used [0x00000000f9580000,0x00000000f9dcfc20,0x00000000fa000000)
  to   space 12288K, 0% used [0x00000000fd500000,0x00000000fd500000,0x00000000fe100000)
 ParOldGen       total 175104K, used 6717K [0x00000000e0000000, 0x00000000eab00000, 0x00000000f5580000)
  object space 175104K, 3% used [0x00000000e0000000,0x00000000e068f5d0,0x00000000eab00000)
 Metaspace       used 32797K, capacity 33570K, committed 33792K, reserved 1079296K
  class space    used 4605K, capacity 4817K, committed 4864K, reserved 1048576K
Event: 5.229 GC heap after
Heap after GC invocations=7 (full 1):
 PSYoungGen      total 128512K, used 9993K [0x00000000f5580000, 0x00000000fe080000, 0x0000000100000000)
  eden space 116736K, 0% used [0x00000000f5580000,0x00000000f5580000,0x00000000fc780000)
  from space 11776K, 84% used [0x00000000fd500000,0x00000000fdec2560,0x00000000fe080000)
  to   space 12800K, 0% used [0x00000000fc780000,0x00000000fc780000,0x00000000fd400000)
 ParOldGen       total 175104K, used 6725K [0x00000000e0000000, 0x00000000eab00000, 0x00000000f5580000)
  object space 175104K, 3% used [0x00000000e0000000,0x00000000e06915d0,0x00000000eab00000)
 Metaspace       used 32797K, capacity 33570K, committed 33792K, reserved 1079296K
  class space    used 4605K, capacity 4817K, committed 4864K, reserved 1048576K
}
Event: 5.728 GC heap before
{Heap before GC invocations=8 (full 1):
 PSYoungGen      total 128512K, used 52497K [0x00000000f5580000, 0x00000000fe080000, 0x0000000100000000)
  eden space 116736K, 36% used [0x00000000f5580000,0x00000000f7f02138,0x00000000fc780000)
  from space 11776K, 84% used [0x00000000fd500000,0x00000000fdec2560,0x00000000fe080000)
  to   space 12800K, 0% used [0x00000000fc780000,0x00000000fc780000,0x00000000fd400000)
 ParOldGen       total 175104K, used 6725K [0x00000000e0000000, 0x00000000eab00000, 0x00000000f5580000)
  object space 175104K, 3% used [0x00000000e0000000,0x00000000e06915d0,0x00000000eab00000)
 Metaspace       used 34474K, capacity 35340K, committed 35456K, reserved 1079296K
  class space    used 4904K, capacity 5156K, committed 5248K, reserved 1048576K
Event: 5.744 GC heap after
Heap after GC invocations=8 (full 1):
 PSYoungGen      total 129536K, used 9976K [0x00000000f5580000, 0x0000000100000000, 0x0000000100000000)
  eden space 116736K, 0% used [0x00000000f5580000,0x00000000f5580000,0x00000000fc780000)
  from space 12800K, 77% used [0x00000000fc780000,0x00000000fd13e110,0x00000000fd400000)
  to   space 12800K, 0% used [0x00000000ff380000,0x00000000ff380000,0x0000000100000000)
 ParOldGen       total 175104K, used 6733K [0x00000000e0000000, 0x00000000eab00000, 0x00000000f5580000)
  object space 175104K, 3% used [0x00000000e0000000,0x00000000e06935d0,0x00000000eab00000)
 Metaspace       used 34474K, capacity 35340K, committed 35456K, reserved 1079296K
  class space    used 4904K, capacity 5156K, committed 5248K, reserved 1048576K
}
Event: 5.744 GC heap before
{Heap before GC invocations=9 (full 2):
 PSYoungGen      total 129536K, used 9976K [0x00000000f5580000, 0x0000000100000000, 0x0000000100000000)
  eden space 116736K, 0% used [0x00000000f5580000,0x00000000f5580000,0x00000000fc780000)
  from space 12800K, 77% used [0x00000000fc780000,0x00000000fd13e110,0x00000000fd400000)
  to   space 12800K, 0% used [0x00000000ff380000,0x00000000ff380000,0x0000000100000000)
 ParOldGen       total 175104K, used 6733K [0x00000000e0000000, 0x00000000eab00000, 0x00000000f5580000)
  object space 175104K, 3% used [0x00000000e0000000,0x00000000e06935d0,0x00000000eab00000)
 Metaspace       used 34474K, capacity 35340K, committed 35456K, reserved 1079296K
  class space    used 4904K, capacity 5156K, committed 5248K, reserved 1048576K
Event: 5.869 GC heap after
Heap after GC invocations=9 (full 2):
 PSYoungGen      total 129536K, used 0K [0x00000000f5580000, 0x0000000100000000, 0x0000000100000000)
  eden space 116736K, 0% used [0x00000000f5580000,0x00000000f5580000,0x00000000fc780000)
  from space 12800K, 0% used [0x00000000fc780000,0x00000000fc780000,0x00000000fd400000)
  to   space 12800K, 0% used [0x00000000ff380000,0x00000000ff380000,0x0000000100000000)
 ParOldGen       total 175104K, used 16269K [0x00000000e0000000, 0x00000000eab00000, 0x00000000f5580000)
  object space 175104K, 9% used [0x00000000e0000000,0x00000000e0fe36c8,0x00000000eab00000)
 Metaspace       used 34474K, capacity 35340K, committed 35456K, reserved 1079296K
  class space    used 4904K, capacity 5156K, committed 5248K, reserved 1048576K
}
Event: 551.283 GC heap before
{Heap before GC invocations=10 (full 2):
 PSYoungGen      total 129536K, used 116736K [0x00000000f5580000, 0x0000000100000000, 0x0000000100000000)
  eden space 116736K, 100% used [0x00000000f5580000,0x00000000fc780000,0x00000000fc780000)
  from space 12800K, 0% used [0x00000000fc780000,0x00000000fc780000,0x00000000fd400000)
  to   space 12800K, 0% used [0x00000000ff380000,0x00000000ff380000,0x0000000100000000)
 ParOldGen       total 175104K, used 16269K [0x00000000e0000000, 0x00000000eab00000, 0x00000000f5580000)
  object space 175104K, 9% used [0x00000000e0000000,0x00000000e0fe36c8,0x00000000eab00000)
 Metaspace       used 40363K, capacity 41862K, committed 41984K, reserved 1085440K
  class space    used 5804K, capacity 6123K, committed 6144K, reserved 1048576K
Event: 551.315 GC heap after
Heap after GC invocations=10 (full 2):
 PSYoungGen      total 161792K, used 9362K [0x00000000f5580000, 0x0000000100000000, 0x0000000100000000)
  eden space 148992K, 0% used [0x00000000f5580000,0x00000000f5580000,0x00000000fe700000)
  from space 12800K, 73% used [0x00000000ff380000,0x00000000ffca4b10,0x0000000100000000)
  to   space 12800K, 0% used [0x00000000fe700000,0x00000000fe700000,0x00000000ff380000)
 ParOldGen       total 175104K, used 16277K [0x00000000e0000000, 0x00000000eab00000, 0x00000000f5580000)
  object space 175104K, 9% used [0x00000000e0000000,0x00000000e0fe56c8,0x00000000eab00000)
 Metaspace       used 40363K, capacity 41862K, committed 41984K, reserved 1085440K
  class space    used 5804K, capacity 6123K, committed 6144K, reserved 1048576K
}

